[    0.000000] nitializng croup bsyscpset
[   0.000000] Initializing cgroup subsys cpu
[    0.000000] Initializing cgroup subsys cpuacct
[    0.000000] Liux verson 4.4.013-generic(buildd@lgw01-amd64-029) (gcc version 5.4.0 20160609 (Ubuntu 5.4.0-6ubuntu1~16.04.10) ) #159-Ubuntu SMP Fri Aug 10 07:31:43 UTC 2018 (Ubnt 4.4.013.19-generi 44.134)
[    0.00000] Coand line: BOOT_IMAGE=/boot/vmlinuz-4.4.0-133-generic root=LABEL=cloudimg-rootfs ro console=tty1 console=ttyS0
[    0.000000] KERNEL supported cpus:
[    0.000000]   Intel GenuineIntel
[    0.000000]   AMD AuthenticAMD
[    0.000000]   Centaur CentaurHauls
[    0.000000] x86/fpu: xstate_offset[2]:  576, xstate_sizes[2]:  256
[    0.000000] x86/fpu: Supporting XSAVE feature 0x01: 'x87 floating point registers'
[    0.000000] x86/fpu: Supporting XSAVE feature 0x02: 'SSE registers'
[    0.000000] x86/fpu: Supporting XSAVE feature 0x04: 'AVX registers'
[    0.000000] x86/fpu: Enabled xstate features 0x7, context size is 832 byts, usg 'sanar' forat
    0.00000 x86/fu:Usng 'eager' FPUcotext switches.
[    0.00000] e820: BS-rovvided hyical RM map
    0.00000] BIOS-e820: [mem 0x0000000000000000-x0000000009fbf] usable
[    0.000000] BIOS-e820: [mem 0x000000000009fc00-0x000000000009fff] rerved
[    0.0000] BIOSe80:me 0000000000000-0x000000000fff] esrved
[   0.00000]IOS-e820 [em 0x000000000000-0x00000062efff] sabl
[   00000] BIOS-e820: [mem 0x00000000623f0000-0x00000000623fffff] ACPI data
[    0.000000] BIOS-e820: [mem 0x00000000fec00000-0x00000000fec00fff] reserved
[    0.000000] BIOS-e820: [mem 0x00000000fee00000-0x00000000fee00fff] reserved
[    0.000000] BIOS-e820: [mem 0x00000000fffc0000-0x00000000ffffffff] reserved
[    0.000000] NX (Execute Disable) protection: active
[    0.000000] SMBIOS 2.5 present.
[    0.000000] Hypervisor detected: KVM
[    0.000000] e820: last_pfn = 0x623f0 max_arch_pfn = 0x400000000
[    0.000000] MTRR: Disabled
[    0.000000] x86/PAT: MTRRs disabled, skipping PAT initialization too.
[    0.000000] CPU MTRRs all blank - virtualized system.
[    0.000000] x86/PAT: Configuration [0-7]: WB  WT  UC- UC  WB  WT  UC- UC  
[    0.000000] found SMP MP-table at [mem 0x0009fff0-0x0009ffff] mapped at [ffff88000009fff0]
[    0.000000] Scanning 1 areas for low memory corruption
[    0.000000] RAMDISK: [mem 0x3630c000-0x3717dfff]
[    0.000000] ACPI: Early table checksum verification disabled
[    0.000000] ACPI: RSDP 0x00000000000E0000 000024 (v02 VBOX  )
[    0.000000] ACPI: XSDT 0x00000000623F0030 00003C (v01 VBOX   VBOXXSDT 00000001 ASL  00000061)
[    0.000000] ACPI: FACP 0x00000000623F00F0 0000F4 (v04 VBOX   VBOXFACP 00000001 ASL  00000061)
[    0.000000] ACPI: DSDT 0x00000000623F0470 0021FF (v02 VBOX   VBOXBIOS 00000002 INTL 20180105)
[    0.000000] ACPI: FACS 0x00000000623F0200 000040
[    0.000000] ACPI: FACS 0x00000000623F0200 000040
[    0.000000] ACPI: APIC 0x00000000623F0240 00005C (v02 VBOX   VBOXAPIC 00000001 ASL  00000061)
[    0.000000] ACPI: SSDT 0x00000000623F02A0 0001CC (v01 VBOX   VBOXCPUT 00000002 INTL 20180105)
[    0.000000] No NUMA configuration found
[    0.000000] Faking a node at [mem 0x0000000000000000-0x00000000623effff]
[    0.000000] NODE_DATA(0) allocated [mem 0x623eb000-0x623effff]
[    0.000000] kvm-clock: Using msrs 4b564d01 and 4b564d00
[    0.000000] kvm-clock: cpu 0, msr 0:623e3001, primary cpu clock
[    0.000000] kvm-clock: using sched offset of 4342490550 cycles
[    0.000000] clocksource: kvm-clock: mask: 0xffffffffffffffff max_cycles: 0x1cd42e4dffb, max_idle_ns: 881590591483 ns
[    0.000000] Zone ranges:
[    0.000000]   DMA      [mem 0x0000000000001000-0x0000000000ffffff]
[    0.000000]   DMA32    [mem 0x0000000001000000-0x00000000623effff]
[    0.000000]   Normal   empty
[    0.000000]   Device   empty
[    0.000000] Movable zone start for each node
[    0.000000] Early memory node ranges
[    0.000000]   node   0: [mem 0x0000000000001000-0x000000000009efff]
[    0.000000]   node   0: [mem 0x0000000000100000-0x00000000623effff]
[    0.000000] Initmem setup node 0 [mem 0x0000000000001000-0x00000000623effff]
[    0.000000] ACPI: PM-Timer IO Port: 0x4008
[    0.000000] IOAPIC[0]: apic_id 2, version 32, address 0xfec00000, GSI 0-23
[    0.000000] ACPI: INT_SRC_OVR (bus 0 bus_irq 0 global_irq 2 dfl dfl)
[    0.000000] ACPI: INT_SRC_OVR (bus 0 bus_irq 9 global_irq 9 low level)
[    0.000000] Using ACPI (MADT) for SMP configuration information
[    0.000000] smpboot: Allowing 2 CPUs, 0 hotplug CPUs
[    0.000000] PM: Registered nosave memory: [mem 0x00000000-0x00000fff]
[    0.000000] PM: Registered nosave memory: [mem 0x0009f000-0x0009ffff]
[    0.000000] PM: Registered nosave memory: [mem 0x000a0000-0x000effff]
[    0.000000] PM: Registered nosave memory: [mem 0x000f0000-0x000fffff]
[    0.000000] e820: [mem 0x62400000-0xfebfffff] available for PCI devices
[    0.000000] Booting paravirtualized kernel on KVM
[    0.000000] clocksource: refined-jiffies: mask: 0xffffffff max_cycles: 0xffffffff, max_idle_ns: 7645519600211568 ns
[    0.000000] setup_percpu: NR_CPUS:512 nr_cpumask_bits:512 nr_cpu_ids:2 nr_node_ids:1
[    0.000000] PERCPU: Embedded 34 pages/cpu @ffff880062000000 s99544 r8192 d31528 u1048576
[    0.000000] PV qspinlock hash table entries: 256 (order: 0, 4096 bytes)
[    0.000000] Built 1 zonelists in Node order, mobility grouping on.  Total pages: 396008
[    0.000000] Policy zone: DMA32
[    0.000000] Kernel command line: BOOT_IMAGE=/boot/vmlinuz-4.4.0-133-generic root=LABEL=cloudimg-rootfs ro console=tty1 console=ttyS0
[    0.000000] PID hash table entries: 4096 (order: 3, 32768 bytes)
[    0.000000] Memory: 1548624K/1609272K available (8550K kernel code, 1314K rwdata, 4004K rodata, 1528K init, 1316K bss, 60648K reserved, 0K cma-reserved)
[    0.000000] SLUB: HWalign=64, Order=0-3, MinObjects=0, CPUs=2, Nodes=1
[    0.000000] Kernel/User page tables isolation: enabled
[    0.000000] Hierarchical RCU implementation.
[    0.000000] 	Build-time adjustment of leaf fanout to 64.
[    0.000000] 	RCU restricting CPUs from NR_CPUS=512 to nr_cpu_ids=2.
[    0.000000] RCU: Adjusting geometry for rcu_fanout_leaf=64, nr_cpu_ids=2
[    0.000000] NR_IRQS:33024 nr_irqs:440 16
[    0.000000] Console: colour VGA+ 80x25
[    0.000000] console [tty1] enabled
[    0.000000] console [ttyS0] enabled
[    0.000000] tsc: Detected 2399.998 MHz processor
[    3.496881] Calibrating delay loop (skipped) preset value.. 4799.99 BogoMIPS (lpj=9599992)
[    3.500182] pid_max: default: 32768 minimum: 301
[    3.501881] ACPI: Core revision 20150930
[    3.504723] ACPI: 2 ACPI AML tables successfully acquired and loaded
[    3.507053] Security Framework initialized
[    3.508507] Yama: becoming mindful.
[    3.509760] AppArmor: AppArmor initialized
[    3.511884] Dentry cache hash table entries: 262144 (order: 9, 2097152 bytes)
[    3.514841] Inode-cache hash table entries: 131072 (order: 8, 1048576 bytes)
[    3.518131] Mount-cache hash table entries: 4096 (order: 3, 32768 bytes)
[    3.520427] Mountpoint-cache hash table entries: 4096 (order: 3, 32768 bytes)
[    3.605558] Initializing cgroup subsys io
[    3.680134] Initializing cgroup subsys memory
[    3.754341] Initializing cgroup subsys devices
[    3.799856] Initializing cgroup subsys freezer
[    3.801881] Initializing cgroup subsys net_cls
[    3.804126] Initializing cgroup subsys perf_event
[    3.807638] Initializing cgroup subsys net_prio
[    3.882475] Initializing cgroup subsys hugetlb
[    3.883418] Initializing cgroup subsys pids
[    3.966980] mce: CPU supports 0 MCE banks
[    4.054198] Last level iTLB entries: 4KB 64, 2MB 8, 4MB 8
[    4.181571] Last level dTLB entries: 4KB 64, 2MB 0, 4MB 0, 1GB 4
[    4.297230] Spectre V2 : Mitigation: Full generic retpoline
[    4.299372] Spectre V2 : Speculation control IBPB not-supported IBRS not-supported
[    4.302120] Spectre V2 : Filling RSB on context switch
[    4.304620] Speculative Store Bypass: Vulnerable
[    4.314930] Freeing SMP alternatives memory: 32K
[    4.330686] ftrace: allocating 32262 entries in 127 pages
[    4.409578] smpboot: APIC(0) Converting physical 0 to logical package 0
[    4.413216] smpboot: Max logical packages: 1
[    4.415393] x2apic enabled
[    4.417001] Switched APIC routing to physical x2apic.
[    4.420726] ..TIMER: vector=0x30 apic1=0 pin1=2 apic2=-1 pin2=-1
[    4.531555] APIC calibration not consistent with PM-Timer: 97ms instead of 100ms
[    4.685917] APIC delta adjusted to PM-Timer: 6250017 (6074995)
[    4.736116] smpboot: CPU0: Intel(R) Core(TM) i5-6200U CPU @ 2.30GHz (family: 0x6, model: 0x4e, stepping: 0x3)
[    4.868563] Performance Events: unsupported p6 CPU model 78 no PMU driver, software events only.
[    4.883465] KVM setup paravirtual spinlock
[    4.885631] x86: Booting SMP configuration:
[    4.914226] .... node  #0, CPUs:      #1
[    4.915189] kvm-clock: cpu 1, msr 0:623e3041, secondary cpu clock
[    4.917444] mce: CPU supports 0 MCE banks
[    4.920087] x86: Booted up 1 node, 2 CPUs
[    4.921177] smpboot: Total of 2 processors activated (9599.99 BogoMIPS)
[    4.923070] devtmpfs: initialized
[    4.928233] evm: security.selinux
[    4.934276] evm: security.SMACK64
[    4.935018] evm: security.SMACK64EXEC
[    4.935836] evm: security.SMACK64TRANSMUTE
[    4.936707] evm: security.SMACK64MMAP
[    4.937516] evm: security.ima
[    4.938211] evm: security.capability
[    4.939226] clocksource: jiffies: mask: 0xffffffff max_cycles: 0xffffffff, max_idle_ns: 7645041785100000 ns
[    4.982100] futex hash table entries: 512 (order: 3, 32768 bytes)
[    4.990398] pinctrl core: initialized pinctrl subsystem
[    5.011270] RTC time:  3:57:58, date: 11/28/18
[    5.017692] NET: Registered protocol family 16
[    5.037766] cpuidle: using governor ladder
[    5.059111] cpuidle: using governor menu
[    5.065297] PCCT header not found.
[    5.066133] ACPI: bus type PCI registered
[    5.066974] acpiphp: ACPI Hot Plug PCI Controller Driver version: 0.5
[    5.077277] PCI: Using configuration type 1 for base access
[    5.111082] ACPI: Added _OSI(Module Device)
[    5.117287] ACPI: Added _OSI(Processor Device)
[    5.118223] ACPI: Added _OSI(3.0 _SCP Extensions)
[    5.119232] ACPI: Added _OSI(Processor Aggregator Device)
[    5.121006] ACPI: Executed 1 blocks of module-level executable AML code
[    5.130622] ACPI: Interpreter enabled
[    5.156476] ACPI: (supports S0 S5)
[    5.157256] ACPI: Using IOAPIC for interrupt routing
[    5.158458] PCI: Using host bridge windows from ACPI; if necessary, use "pci=nocrs" and report a bug
[    5.164289] ACPI: PCI Root Bridge [PCI0] (domain 0000 [bus 00-ff])
[    5.173329] acpi PNP0A03:00: _OSC: OS supports [ASPM ClockPM Segments MSI]
[    5.197164] acpi PNP0A03:00: _OSC: not requesting OS control; OS requires [ExtendedConfig ASPM ClockPM MSI]
[    5.199111] acpi PNP0A03:00: fail to add MMCONFIG information, can't access extended PCI configuration space under this bridge.
[    5.201589] PCI host bridge to bus 0000:00
[    5.204462] pci_bus 0000:00: root bus resource [io  0x0000-0x0cf7 window]
[    5.234705] pci_bus 0000:00: root bus resource [io  0x0d00-0xffff window]
[    5.251134] pci_bus 0000:00: root bus resource [mem 0x000a0000-0x000bffff window]
[    5.278309] pci_bus 0000:00: root bus resource [mem 0x62400000-0xfdffffff window]
[    5.295915] pci_bus 0000:00: root bus resource [bus 00-ff]
[    5.307739] pci 0000:00:01.1: legacy IDE quirk: reg 0x10: [io  0x01f0-0x01f7]
[    5.333043] pci 0000:00:01.1: legacy IDE quirk: reg 0x14: [io  0x03f6]
[    5.344961] pci 0000:00:01.1: legacy IDE quirk: reg 0x18: [io  0x0170-0x0177]
[    5.352605] pci 0000:00:01.1: legacy IDE quirk: reg 0x1c: [io  0x0376]
[    5.392555] pci 0000:00:07.0: quirk: [io  0x4000-0x403f] claimed by PIIX4 ACPI
[    5.405870] pci 0000:00:07.0: quirk: [io  0x4100-0x410f] claimed by PIIX4 SMB
[    5.449108] ACPI: PCI Interrupt Link [LNKA] (IRQs 5 9 10 *11)
[    5.474140] ACPI: PCI Interrupt Link [LNKB] (IRQs 5 9 *10 11)
[    5.488051] ACPI: PCI Interrupt Link [LNKC] (IRQs 5 *9 10 11)
[    5.504828] ACPI: PCI Interrupt Link [LNKD] (IRQs 5 9 10 *11)
[    5.509498] ACPI: Enabled 2 GPEs in block 00 to 07
[    5.510954] vgaarb: setting as boot device: PCI:0000:00:02.0
[    5.517319] vgaarb: device added: PCI:0000:00:02.0,decodes=io+mem,owns=io+mem,locks=none
[    5.519014] vgaarb: loaded
[    5.519678] vgaarb: bridge control possible 0000:00:02.0
[    5.521005] SCSI subsystem initialized
[    5.522042] ACPI: bus type USB registered
[    5.525596] usbcore: registered new interface driver usbfs
[    5.526695] usbcore: registered new interface driver hub
[    5.527849] usbcore: registered new device driver usb
[    5.534566] PCI: Using ACPI for IRQ routing
[    5.553094] NetLabel: Initializing
[    5.556925] NetLabel:  domain hash size = 128
[    5.557826] NetLabel:  protocols = UNLABELED CIPSOv4
[    5.560704] NetLabel:  unlabeled traffic allowed by default
[    5.566071] amd_nb: Cannot enumerate AMD northbridges
[    5.568742] clocksource: Switched to clocksource kvm-clock
[    5.578495] AppArmor: AppArmor Filesystem Enabled
[   .588381]pn: nP ACPI init
[  5.743132] pnp: P ACPI: un3 vices

[  6.027444]clksrc: pim:ma: ffffaxcycles 0fff,axdlns 20571024 ns
[   7.014226] NET: Registered otco family 2

[    7.145000] TCP established hash table entries: 16384 (order: 5, 131072 byes
   7206484] TCP bind hash table entries: 16384 (order: 6, 262144 bytes)
[    7.298778] TCP: Hash tables configured (established 16384 bind 16384)
[    7.300076] UDP hash table entries: 1024 (order: 3, 32768 bytes)
[   30377] UDP-Lite hash table entries: 1024 (order: 3, 32768 bytes)
[   7.404626] NET: Registered protocol family 1
[    7.430793] pci 0000:00:00.0: Limiting direct PCI/PCI transfers
[    7.431929] pci 0000:00:01.0: Activating ISA DMA hang workarounds
[    7.433226 Upakig nirafs...
[  7984572] Freeing initrd memory: 14792K

[    8.098333] platform rtc_cmos: registered platform RTC device (no PNP device found)
[    8.101406] Scanning for low memory corruption every 60 seconds
[    8.128612] audit: initializing netlink subsys (disabled)
[    8.147025] audit: type=2000 audit(1543377481.921:1): initialized
[    8.150318] Initialise system trusted keyring
[    8.154443] HugeTLB registered 2 MB page size, pre-allocated 0 pages
[    8.162572] zbud: loaded
[    8.172393] VFS: Disk quotas dquot_6.6.0
[    8.185120] VFS: Dquot-cache hash table entries: 512 (order 0, 4096 bytes)
[    8.194370] squashfs: version 4.0 (2009/01/31) Phillip Lougher
[    8.206828] fuse init (API version 7.23)
[    8.221544] Key type big_key registeed
[  83280Aloctig MAMO and blacklist keyrings.
[    8.680019] Key type asymmetric registered
[    8.712414] Asymmetric key parser 'x509' registered
[    8.767005] Block layer SCSI generic (bsg) driver version 0.4 loaded (major 249)
[    8.795264] io scheduler noop registered
[    8.861219] io scheduler deadline registered (default)
[    8.933379] io scheduler cfq registered
[    8.934478] pci_hotplug: PCI Hot Plug PCI Core version: 0.5
[    8.935569] pciehp: PCI Express Hot Plug Controller Driver version: 0.4
[    8.93699] PIACdaerAC (off-ne

[    9.383000]ts Rind TSC clocksource calibration: 2401.169 MHz

[    9.538498] clocksource: tsc: mask: 0xffffffffffffffff max_cycles: 0x229c87e0a40, max_idle_ns: 440795244273 ns
[    9.538801] input: Power Button as /devices/LNXSYSTM:00/LNXPWRBN:00/input/input0
[    9.5384] ACPI: Powr uton[PF]

[    9.538864] input: Sleep Button as /devices/LNXSYSTM:00/LNXSLPBN:00/input/input1
[    9.538866] ACPI: Sleep Button [SLPF]
[    9.542894] GHES: HEET is not enabled!
[    9.543581] ACPI: Battery Slot [BAT0] (battery present)
[    9.543624] Serial: 8250/16550 driver, 32 ports, IRQ sharing enabled
[    9.565603] 00:02: ttyS0 at I/O 0x3f8 (irq = 4, base_baud = 115200) is a 16550A
[    9.857337] Linux agpgart interface v0.103
[   10.051774] loop: module loaded
[   10.052330] scsi host0: ata_piix
[   10.052383] scsi host1: ata_piix
[   10.052414] ata1: PATA max UDMA/33 cmd 0x1f0 ctl 0x3f6 bmdma 0xd000 irq 14
[   10.052415] ata2: PATA max UDMA/33 cmd 0x170 ctl 0x376 bmdma 0xd008 irq 15
[   10.052484] libphy: Fixed MDIO Bus: probed
[   10.052486] tun: Universal TUN/TAP device driver, 1.6
[   10.052487] tun: (C) 1999-2004 Max Krasnyansky <maxk@qualcomm.com>
[   10.052814] PPP generic driver version 2.4.2
[   10.052867] ehci_hcd: USB 2.0 'Enhanced' Host Controller (EHCI) Driver
[   10.052871] ehci-pci: EHCI PCI platform driver
[   10.052885] ehci-platform: EHCI generic platform driver
[   10.052893] ohci_hcd: USB 1.1 'Open' Host Controller (OHCI) Driver
[   10.052896] ohci-pci: OHCI PCI platform driver
[   10.052903] ohci-platform: OHCI generic platform driver
[   10.052910] uhci_hcd: USB Universal Host Controller Interface driver
[   10.052964] i8042: PNP: PS/2 Controller [PNP0303:PS2K,PNP0f03:PS2M] at 0x60,0x64 irq 1,12
[   10.118594] serio: i8042 KBD port at 0x60,0x64 irq 1
[   10.118601] serio: i8042 AUX port at 0x60,0x64 irq 12
[   10.118738] mousedev: PS/2 mouse device common for all mice
[   10.119027] rtc_cmos rtc_cmos: rtc core: registered rtc_cmos as rtc0
[   10.119083] rtc_cmos rtc_cmos: alarms up to one day, 114 bytes nvram
[   10.119090] i2c /dev entries driver
[   10.119145] device-mapper: uevent: version 1.0.3
[   10.119197] device-mapper: ioctl: 4.34.0-ioctl (2015-10-28) initialised: dm-devel@redhat.com
[   10.119241] ledtrig-cpu: registered to indicate activity on CPUs
[   10.119515] NET: Registered protocol family 10
[   10.119653] NET: Registered protocol family 17
[   10.119663] Key type dns_resolver registered
[   10.119885] registered taskstats version 1
[   10.119897] Loading compiled-in X.509 certificates
[   10.120576] Loaded X.509 cert 'Build time autogenerated kernel key: 2bd7eec8ea2fedbeeda78e0b663eb647cf617c40'
[   10.120602] zswap: loaded using pool lzo/zbud
[   10.122563] Key type trusted registered
[   10.125021] Key type encrypted registered
[   10.125027] AppArmor: AppArmor sha1 policy hashing enabled
[   10.125031] ima: No TPM chip found, activating TPM-bypass!
[   10.125039] ima: Allocated hash algorithm: sha1
[   10.125053] evm: HMAC attrs: 0x1
[   10.125269]   Magic number: 10:892:968
[   10.246548] rtc_cmos rtc_cmos: setting system clock to 2018-11-28 03:58:03 UTC (1543377483)
[   10.246761] BIOS EDD facility v0.16 2004-Jun-25, 0 devices found
[   10.246762] EDD information not available.
[   10.451620] input: AT Translated Set 2 keyboard as /devices/platform/i8042/serio0/input/input2
[   11.095006] Freeing unused kernel memory: 1528K
[   11.112871] Write protecting the kernel read-only data: 14336k
[   11.342471] Freeing unused kernel memory: 1676K
[   11.355323] Freeing unused kernel memory: 92K
Loading, please wait...
starting version[   11.371729] random: systemd-udevd: uninitialized urandom read (16 bytes read, 7 bits of entropy available)
 229
[   11.372905] random: udevadm: uninitialized urandom read (16 bytes read, 7 bits of entropy available)
[   11.372937] random: udevadm: uninitialized urandom read (16 bytes read, 7 bits of entropy available)
[   11.385195] random: udevadm: uninitialized urandom read (16 bytes read, 7 bits of entropy available)
[   11.385260] random: udevadm: uninitialized urandom read (16 bytes read, 7 bits of entropy available)
[   11.385458] random: udevadm: uninitialized urandom read (16 bytes read, 7 bits of entropy available)
[   11.385540] random: udevadm: uninitialized urandom read (16 bytes read, 7 bits of entropy available)
[   11.385619] random: udevadm: uninitialized urandom read (16 bytes read, 7 bits of entropy available)
[   11.385695] random: udevadm: uninitialized urandom read (16 bytes read, 7 bits of entropy available)
[   11.385768] random: udevadm: uninitialized urandom read (16 bytes read, 7 bits of entropy available)
[   11.624487] e1000: Intel(R) PRO/1000 Network Driver - version 7.3.21-k8-NAPI
[   11.661466] e1000: Copyright (c) 1999-2006 Intel Corporation.
[   11.667793] Fusion MPT base driver 3.04.20
[   11.675566] Copyright (c) 1999-2008 LSI Corporation
[   11.701019] Fusion MPT SPI Host driver 3.04.20
[   11.710673] AVX2 version of gcm_enc/dec engaged.
[   11.729686] AES CTR mode by8 optimization enabled
[   11.899570] input: ImExPS/2 Generic Explorer Mouse as /devices/platform/i8042/serio1/input/input4
[   12.065397] e1000 0000:00:03.0 eth0: (PCI:33MHz:32-bit) 02:48:3e:15:b5:0c
[   12.117348] e1000 0000:00:03.0 eth0: Intel(R) PRO/1000 Network Connection
[   12.194696] e1000 0000:00:03.0 enp0s3: renamed from eth0
[   12.201911] mptbase: ioc0: Initiating bringup
[   12.273127] ioc0: LSI53C1030 A0: Capabilities={Initiator}
[   12.452714] scsi host2: ioc0: LSI53C1030 A0, FwRev=00000000h, Ports=1, MaxQ=256, IRQ=20
[   12.674092] scsi 2:0:0:0: Direct-Access     VBOX     HARDDISK         1.0  PQ: 0 ANSI: 5
[   12.746007] scsi target2:0:0: Beginning Domain Validation
[   12.766349] scsi target2:0:0: Domain Validation skipping write tests
[   12.942458] scsi target2:0:0: Ending Domain Validation
[   12.952549] scsi target2:0:0: asynchronous
[   13.054881] scsi 2:0:1:0: Direct-Access     VBOX     HARDDISK         1.0  PQ: 0 ANSI: 5
[   13.082078] scsi target2:0:1: Beginning Domain Validation
[   13.103657] scsi target2:0:1: Domain Validation skipping write tests
[   13.106946] scsi target2:0:1: Ending Domain Validation
[   13.108026] scsi target2:0:1: asynchronous
[   13.115161] sd 2:0:0:0: [sda] 20971520 512-byte logical blocks: (10.7 GB/10.0 GiB)
[   13.125880] sd 2:0:0:0: Attached scsi generic sg0 type 0
[   13.147108] sd 2:0:1:0: Attached scsi generic sg1 type 0
[   13.147383] sd 2:0:1:0: [sdb] 20480 512-byte logical blocks: (10.5 MB/10.0 MiB)
[   13.147480] sd 2:0:1:0: [sdb] Write Protect is off
[   13.147544] sd 2:0:1:0: [sdb] Incomplete mode parameter data
[   13.147545] sd 2:0:1:0: [sdb] Assuming drive cache: write through
[   13.149688] sd 2:0:1:0: [sdb] Attached SCSI disk
[   13.252635] sd 2:0:0:0: [sda] Write Protect is off
[   13.272728] sd 2:0:0:0: [sda] Incomplete mode parameter data
[   13.352387] sd 2:0:0:0: [sda] Assuming drive cache: write through
[   13.429419]  sda: sda1
[   13.441808] sd 2:0:0:0: [sda] Attached SCSI disk
Begin: Loading e[   14.926783] md: linear personality registered for level -1
ssential drivers ... [   14.962875] md: multipath personality registered for level -4
[   14.973647] md: raid0 personality registered for level 0
[   15.005756] md: raid1 personality registered for level 1
[   15.093341] raid6: sse2x1   gen()  8665 MB/s
[   15.216878] raid6: sse2x1   xor()  5419 MB/s
[   15.341631] raid6: sse2x2   gen() 11325 MB/s
[   15.421036] raid6: sse2x2   xor()  7725 MB/s
[   15.557030] raid6: sse2x4   gen() 12298 MB/s
[   15.713472] raid6: sse2x4   xor()  7178 MB/s
[   15.793494] raid6: avx2x1   gen() 17000 MB/s
[   15.941571] raid6: avx2x2   gen() 18884 MB/s
[   16.021580] raid6: avx2x4   gen() 22146 MB/s
[   16.053510] raid6: using algorithm avx2x4 gen() 22146 MB/s
[   16.054574] raid6: using avx2x2 recovery algorithm
[   16.056797] xor: automatically using best checksumming function:
[   16.144768]    avx       : 20512.000 MB/sec
[   16.152157] async_tx: api initialized (async)
[   16.217702] md: raid6 personality registered for level 6
[   16.270724] md: raid5 personality registered for level 5
[   16.271845] md: raid4 personality registered for level 4
[   16.278812] md: raid10 personality registered for level 10
done.
Begin: Running /scripts/init-premount ... done.
Begin: Mounting root file system ... Begin: Running /scripts/local-top ... done.
Begin: Running /scripts/local-premount ... [   16.322685] Btrfs loaded
Scanning for Btrfs filesystems
done.
Warning: fsck no[   16.359832] EXT4-fs (sda1): mounted filesystem with ordered data mode. Opts: (null)
t present, so skipping root file system
done.
Begin: Running /scripts/local-bottom ... done.
Begin: Running /scripts/init-bottom ... done.
[   16.473354] systemd[1]: systemd 229 running in system mode. (+PAM +AUDIT +SELINUX +IMA +APPARMOR +SMACK +SYSVINIT +UTMP +LIBCRYPTSETUP +GCRYPT +GNUTLS +ACL +XZ -LZ4 +SECCOMP +BLKID +ELFUTILS +KMOD -IDN)
[   16.503243] systemd[1]: Detected virtualization oracle.
[   16.505524] systemd[1]: Detected architecture x86-64.

Welcome to [1mUbuntu 16.04.5 LTS[0m!

[   16.520753] systemd[1]: Set hostname to <ubuntu>.
[   16.575665] systemd[1]: Initializing machine ID from random generator.
[   16.622781] systemd[1]: Installed transient /etc/machine-id file.
[   16.795120] systemd[1]: Listening on /dev/initctl Compatibility Named Pipe.
[[0;32m  OK  [0m] Listening on /dev/initctl Compatibility Named Pipe.
[   16.826441] systemd[1]: Listening on Journal Socket.
[[0;32m  OK  [0m] Listening on Journal Socket.
[   16.870049] systemd[1]: Created slice User and Session Slice.
[[0;32m  OK  [0m] Created slice User and Session Slice.
[   16.917133] systemd[1]: Started Trigger resolvconf update for networkd DNS.
[[0;32m  OK  [0m] Started Trigger resolvconf update for networkd DNS.
[   16.997978] systemd[1]: Listening on Device-mapper event daemon FIFOs.
[[0;32m  OK  [0m] Listening on Device-mapper event daemon FIFOs.
[   17.123156] systemd[1]: Listening on Syslog Socket.
[[0;32m  OK  [0m] Listening on Syslog Socket.
[   17.157575] systemd[1]: Listening on Journal Socket (/dev/log).
[[0;32m  OK  [0m] Listening on Journal Socket (/dev/log).
[   17.193026] systemd[1]: Reached target User and Group Name Lookups.
[[0;32m  OK  [0m] Reached target User and Group Name Lookups.
[   17.325428] systemd[1]: Reached target System Time Synchronized.
[[0;32m  OK  [0m] Reached target System Time Synchronized.
[   17.328722] systemd[1]: Listening on LVM2 metadata daemon socket.
[[0;32m  OK  [0m] Listening on LVM2 metadata daemon socket.
[   17.372095] systemd[1]: Listening on LVM2 poll daemon socket.
[[0;32m  OK  [0m] Listening on LVM2 poll daemon socket.
[   17.375235] systemd[1]: Started Forward Password Requests to Wall Directory Watch.
[[0;32m  OK  [0m] Started Forward Password Requests to Wall Directory Watch.
[   17.397052] systemd[1]: Reached target Encrypted Volumes.
[[0;32m  OK  [0m] Reached target Encrypted Volumes.
[   17.424887] systemd[1]: Listening on udev Control Socket.
[[0;32m  OK  [0m] Listening on udev Control Socket.
[   17.433573] systemd[1]: Created slice System Slice.
[[0;32m  OK  [0m] Created slice System Slice.
[   17.485077] systemd[1]: Starting Create list of required static device nodes for the current kernel...
         Starting Create list of required st... nodes for the current kernel...
[   17.563420] systemd[1]: Created slice system-serial\x2dgetty.slice.
[[0;32m  OK  [0m] Created slice system-serial\x2dgetty.slice.
[   17.633030] systemd[1]: Mounting Huge Pages File System...
[   17.633827] random: nonblocking pool is initialized
         Mounting Huge Pages File System...
[   17.671459] systemd[1]: Starting Load Kernel Modules...
[   17.689802] Loading iSCSI transport class v2.0-870.
         Starting Load Kernel Modules...
[   17.692418] systemd[1]: Starting Monitoring of LVM2 mirrors, snapshots etc. using dmeventd or progress polling...
         Startin[   17.714366] iscsi: registered transport (tcp)
g Monitoring of LVM2 mirrors... dmeventd or progress polling...
[   17.748914] systemd[1]: Mounting Debug File System...
         Mounting Debug File System...
[   17.767865] iscsi: registered transport (iser)
[   18.811514] systemd[1]: Starting Uncomplicated firewall...
         Starting Uncomplicated firewall...
[   19.005643] systemd[1]: Starting Set console keymap...
         Starting Set console keymap...
[   19.214312] systemd[1]: Mounting POSIX Message Queue File System...
         Mounting POSIX Message Queue File System...
[   19.244667] systemd[1]: Set up automount Arbitrary Executable File Formats File System Automount Point.
[[0;32m  OK  [0m] Set up automount Arbitrary Executab...ats File System Automount Point.
[   19.285027] systemd[1]: Starting Nameserver information manager...
         Starting Nameserver information manager...
[   19.333597] systemd[1]: Listening on udev Kernel Socket.
[[0;32m  OK  [0m] Listening on udev Kernel Socket.
[   19.344710] systemd[1]: Listening on Journal Audit Socket.
[[0;32m  OK  [0m] Listening on Journal Audit Socket.
[   19.364965] systemd[1]: Starting Journal Service...
         Starting Journal Service...
[   19.422397] systemd[1]: Starting Remount Root and Kernel File Systems...
[   19.425839] EXT4-fs (sda1): re-mounted. Opts: (null)
         Starting Remount Root and Kernel File Systems...
[   19.453738] systemd[1]: Reached target Slices.
[[0;32m  OK  [0m] Reached target Slices.
[   19.456594] systemd[1]: Reached target Swap.
[[0;32m  OK  [0m] Reached target Swap.
[   19.544887] systemd[1]: Mounted Debug File System.
[[0;32m  OK  [0m] Mounted Debug File System.
[   19.661011] systemd[1]: Mounted POSIX Message Queue File System.
[[0;32m  OK  [0m] Mounted POSIX Message Queue File System.
[   19.832949] systemd[1]: Mounted Huge Pages File System.
[[0;32m  OK  [0m] Mounted Huge Pages File System.
[   19.845069] systemd[1]: Started Journal Service.
[[0;32m  OK  [0m] Started Journal Service.
[[0;32m  OK  [0m] Started Create list of required sta...ce nodes for the current kernel.
[[0;32m  OK  [0m] Started Load Kernel Modules.
[[0;32m  OK  [0m] Started Uncomplicated firewall.
[[0;32m  OK  [0m] Started Set console keymap.
[[0;32m  OK  [0m] Started Remount Root and Kernel File Systems.
[[0;32m  OK  [0m] Started Nameserver information manager.
[[0;32m  OK  [0m] Started LVM2 metadata daemon.
         Starting Load/Save Random Seed...
         Starting udev Coldplug all Devices...
         Mounting FUSE Control File System...
         Starting Apply Kernel Variables...
         Starting Create Static Device Nodes in /dev...
         Starting Flush Journal to Persistent Storage...
[[0;32m  OK  [0m] Mounted FUSE Control File System.
[[0;32m  OK  [0m] Started Load/Save Random Seed.
[[0;32m  OK  [0m] Started Apply Kernel Variables.
[[0;32m  OK  [0m] Started Create Static Device Nodes in /dev.
[[0;32m  OK  [0m] Started udev Coldplug all Devices.
[[0;32m  OK  [0m] Started Flush Journal to Persistent Storage.
         Starting udev Kernel Device Manager...
[[0;32m  OK  [0m] Started udev Kernel Device Manager.
[[0;32m  OK  [0m] Started Dispatch Password Requests to Console Directory Watch.
[[0;32m  OK  [0m] Started Monitoring of LVM2 mirrors,...ng dmeventd or progress polling.
[[0;32m  OK  [0m] Reached target Local File Systems (Pre).
[[0;32m  OK  [0m] Reached target Local File Systems.
         Starting Set console font and keymap...
         Starting Initial cloud-init job (pre-networking)...
         Starting Create Volatile Files and Directories...
         Starting LSB: AppArmor initialization...
         Starting Commit a transient machine-id on disk...
         Starting Tell Plymouth To Write Out Runtime Data...
[[0;32m  OK  [0m] Started Create Volatile Files and Directories.
[[0;32m  OK  [0m] Started Tell Plymouth To Write Out Runtime Data.
[[0;32m  OK  [0m] Started Commit a transient machine-id on disk.
[[0;32m  OK  [0m] Found device /dev/ttyS0.
[[0;32m  OK  [0m] Listening on Load/Save RF Kill Switch Status /dev/rfkill Watch.
[   16.738590] cloud-init[582]: Cloud-init v. 18.3-9-g2e62cb8a-0ubuntu1~16.04.2 running 'init-local' at Wed, 28 Nov 2018 03:58:14 +0000. Up 16.30 seconds.
         Starting Update UTMP about System Boot/Shutdown...
[[0;32m  OK  [0m] Started Set console font and keymap.
[[0;32m  OK  [0m] Started Initial cloud-init job (pre-networking).
[[0;32m  OK  [0m] Started Update UTMP about System Boot/Shutdown.
[[0;32m  OK  [0m] Reached target Network (Pre).
[[0;32m  OK  [0m] Created slice system-getty.slice.
[[0;32m  OK  [0m] Started LSB: AppArmor initialization.
         Starting Raise network interfaces...
[[0;32m  OK  [0m] Started Raise network interfaces.
[[0;32m  OK  [0m] Reached target Network.
         Starting Initial cloud-init job (metadata service crawler)...
[   18.512184] cloud-init[925]: Cloud-init v. 18.3-9-g2e62cb8a-0ubuntu1~16.04.2 running 'init' at Wed, 28 Nov 2018 03:58:16 +0000. Up 17.91 seconds.
[   18.592386] [cloud-init[0;32m  OK  [0m[925]: ] ci-info: ++++++++++++++++++++++++++++++++++++++Net device info++++++++++++++++++++++++++++++++++++++Started Initial cloud-init job (metadata service crawler).

[   18.592684] cloud-init[925]: ci-info: +--------+------+----------------------------+---------------+--------+-------------------+
[   18.726620] [cloud-init[0;32m  OK  [0m[925]: ] ci-info: | Device |  Up  |          Address           |      Mask     | Scope  |     Hw-Address    |Reached target System Initialization.

[   18.728030]          Starting LXD - unix socket.
cloud-init[925]: ci-info: +--------+------+----------------------------+---------------+--------+-------------------+
[   18.751043] [[0;32m  OK  [0m] Listening on ACPID Listen Socket.cloud-init
[925]: ci-info: | enp0s3 | True |         10.0.2.15          | 255.255.255.0 | global | 02:48:3e:15:b5:0c |
[[0;32m  OK  [0m] Started ACPI Events Check.
[   18.799757] cloud-init[925]: [ci-info: | enp0s3 | True | fe80::48:3eff:fe15:b50c/64 |       .       |  link  | 02:48:3e:15:b5:0c |[0;32m  OK  [0m
] Reached target Paths.
[[0;32m  OK  [0m] Started Daily Cleanup of Temporary Directories.
[   18.810556] cloud-init[925]: ci-info: |   lo   | True |         127.0.0.1          |   255.0.0.0   |  host  |         .         |
[   18.949316]          cloud-initStarting Socket activation for snappy daemon.[925]: 
ci-info: |   lo   | True |          ::1/128           |       .       |  host  |         .         |
[   18.969580] [cloud-init[0;32m  OK  [0m[925]: ] ci-info: +--------+------+----------------------------+---------------+--------+-------------------+Listening on D-Bus System Message Bus Socket.

[[0;32m  OK  [0m] Started Daily apt download activities.
[[0;32m  OK  [0m] Started Daily apt upgrade and clean activities.
[   18.971383] cloud-init[925]: ci-info: +++++++++++++++++++++++++++Route IPv4 info++++++++++++++++++++++++++++
[[0;32m  OK  [0m] Reached target Timers.
[[0;32m  OK  [0m] Listening on UUID daemon activation socket.
[[0;32m  OK  [0m] Reached target Network is Online.
[   19.043185] cloud-init[925]: ci-info: +-------+-------------+----------+---------------+-----------+-------+
         Starting iSCSI initiator daemon (iscsid)...
[[0;32m  OK  [0m] Reached target Cloud-config availability.
[[0;32m  OK  [0m] Listening on LXD - unix socket.
[[0;32m  OK  [0m] Listening on Socket activation for snappy daemon.
[   19.186586] cloud-init[925]: ci-info: | Route | Destination | Gateway  |    Genmask    | Interface | Flags |
[   19.344036] [cloud-init[0;32m  OK  [0m[925]: ] ci-info: +-------+-------------+----------+---------------+-----------+-------+Started iSCSI initiator daemon (iscsid).

[   19.345911] cloud-init[925]: ci-info: |   0   |   0.0.0.0   | 10.0.2.2 |    0.0.0.0    |   enp0s3  |   UG  |
[   19.383146] cloud-init[925]: ci-info: |   1   |   10.0.2.0  | 0.0.0.0  | 255.255.255.0 |   enp0s3  |   U   |
[   19.425024]          cloud-initStarting Login to default iSCSI targets...[925]: 
ci-info: +-------+-------------+----------+---------------+-----------+-------+
[   19.434942] [cloud-init[0;32m  OK  [0m[925]: ] ci-info: +++++++++++++++++++Route IPv6 info+++++++++++++++++++Reached target Sockets.

[[0;32m  OK  [0m] Reached target Basic System.
[   19.436075] cloud-init[925]: ci-info: +-------+-------------+---------+-----------+-------+
[   19.485742] cloud-init[925]: ci-info: | Route | Destination | Gateway | Interface | Flags |
[   19.524751] [cloud-init[0;32m  OK  [0m[925]: ] ci-info: +-------+-------------+---------+-----------+-------+Started Deferred execution scheduler.

[   19.526353] cloud-init[925]: ci-info: |   0   |  fe80::/64  |    ::   |   enp0s3  |   U   |
[   19.634694] cloud-init[925]: ci-info: |   3   |   ff00::/8  |    ::   |   enp0s3  |   U   |
         Starting Virtualbox guest utils...
[   19.683552] cloud-init[925]: ci-info: +-------+-------------+---------+-----------+-------+
[   19.717666] cloud-init[925]: Generating public/private rsa key pair.
[[0;32m  OK  [0m] Started ACPI event daemon.
[   19.761519] cloud-init[925]: Your identification has been saved in /etc/ssh/ssh_host_rsa_key.
[   19.796977] cloud-init[925]: Your public key has been saved in /etc/ssh/ssh_host_rsa_key.pub.
[   19.808748] cloud-init[925]: The key fingerprint is:
[   19.844656]          cloud-initStarting LSB: MD monitoring daemon...[925]: 
SHA256:yXMjo38Y43YmGSfYLjONhBuHhDwKSA5Oe1l9jVR2Ngg root@ubuntu-xenial
[   19.885157]          cloud-initStarting System Logging Service...[925]: 
The key's randomart image is:
[   19.916900]          cloud-initStarting Accounts Service...[925]: 
+---[RSA 2048]----+
[   19.941048] [cloud-init[0;32m  OK  [0m[925]: ] |      . .E=o.+   |Started FUSE filesystem for LXC.

[   19.942340] cloud-init[925]: |.o   . . o.oo .  |
[   20.029438] [cloud-init[0;32m  OK  [0m[925]: ] |B...o   .        |Started Regular background program processing daemon.

[   20.030806] cloud-init[925]: |o++o.  . .       |
[   20.097370] cloud-init[925]: |...o o oS o      |
[   20.102431] cloud-init[925]: |.   + +.*=..     |
[   20.125145]          cloud-initStarting /etc/rc.local Compatibility...[925]: 
|     =.= O       |
[   20.181248] [cloud-init[0;32m  OK  [0m[925]: ] |    . =.O +      |Started D-Bus System Message Bus.

[   20.182954] cloud-init[925]: |       =.=       |
[   20.233266] cloud-init[925]: +----[SHA256]-----+
[   20.269330]          cloud-initStarting Pollinate to seed the pseudo random number generator...[925]: 
Generating public/private dsa key pair.
[   20.325507] [cloud-init[0;32m  OK  [0m[925]: ] Your identification has been saved in /etc/ssh/ssh_host_dsa_key.Started Unattended Upgrades Shutdown.

[   20.372467]          cloud-initStarting LSB: Record successful boot for GRUB...[925]: 
Your public key has been saved in /etc/ssh/ssh_host_dsa_key.pub.
[   20.426236]          cloud-initStarting Snappy daemon...[925]: 
The key fingerprint is:
[   20.426663] cloud-init[925]: SHA256:UbW2cAQIIZZ4FAx4/NhHejNc6xjvFCbPGPUWS/87JMA root@ubuntu-xenial
[   20.487500]          Starting Login Service...
cloud-init[925]: The key's randomart image is:
[   20.489462] cloud-init[925]: +---[DSA 1024]----+
[   20.512364]          cloud-initStarting LXD - container startup/shutdown...[925]: 
| o.==ooo .ooo    |
[   20.515068] [cloud-init[0;32m  OK  [0m[925]: ] |. +.+.. +.o. .   |Started System Logging Service.

[   20.515427] cloud-init[925]: | . = + o.=.++    |
[   20.532589] [cloud-init[0;32m  OK  [0m[925]: ] |  . + X +.E+..   |Started /etc/rc.local Compatibility.

[   20.532946] [cloud-init[0;32m  OK  [0m[925]: ] |     o #So ...   |Started Snappy daemon.

[   20.565695] cloud-init[925]: |      o *   . o  |
[   20.584300] cloud-init[925]: |       o     o . |
[   20.629619] [cloud-init[0;32m  OK  [0m[925]: ] |        .     o  |Started LXD - container startup/shutdown.

[   20.630374] cloud-init[925]: |               . |
[[0;32m  OK  [0m] Started Login to default iSCSI targets.
[   20.664586] cloud-init[925]: +----[SHA256]-----+
[   20.739674] cloud-init[925]: Generating public/private ecdsa key pair.
[   20.801983] cloud-init[925]: Your identification has been saved in /etc/ssh/ssh_host_ecdsa_key.
[[0;32m  OK  [0m] Started LSB: MD monitoring daemon.
[[0;32m  OK  [0m] Started Virtualbox guest utils.
[   20.866740] cloud-init[925]: Your public key has been saved in /etc/ssh/ssh_host_ecdsa_key.pub.
[   20.951953] cloud-init[925]: The key fingerprint is:
[   20.993475] cloud-init[925]: SHA256:z4wAoSR6AENVlu/iG0LNhJjem/N03/cTd5JWYk8+A08 root@ubuntu-xenial
[[0;32m  OK  [0m] Started LSB: Record successful boot for GRUB.
[   21.048899] cloud-init[925]: The key's randomart image is:
[   21.092462] cloud-init[925]: +---[ECDSA 256]---+
         Starting Authenticate and Authorize Users to Run Privileged Tasks...
[[0;32m  OK  [0m] Reached target Remote File Systems (Pre).
[[0;32m  OK  [0m] Reached target Remote File Systems.
[   21.132985] cloud-init[925]: |B.o.oo.          |
[   21.178709] cloud-init[925]: |.=o.oo           |
[   21.192270]          cloud-initStarting LSB: Set the CPU Frequency Scaling governor to "ondemand"...[925]: 
|.oo....          |
[   21.196803] cloud-init[925]: |... +. .     .oEo|
[   21.205079]          cloud-initStarting LSB: daemon to balance interrupts for SMP systems...[925]: 
| . o oo S    .+B |
[   21.209492] cloud-init[925]: |  . o. o =    +==|
[   21.224380]          cloud-initStarting LSB: automatic crash report generation...[925]: 
|   =.o... +  . .*|
[   21.309489]          cloud-initStarting Permit User Sessions...[925]: 
|    =.o . .  . . |
[   21.401822]          cloud-initStarting Wait until snapd is fully seeded...[925]: 
|     o.  . .. ...|
[   21.428683] [[0;32m  OK  [0m] Started Permit User Sessions.
cloud-init[925]: +----[SHA256]-----+
[   21.445394] [cloud-init[0;32m  OK  [0m[925]: ] Generating public/private ed25519 key pair.Started Login Service.

[   21.447175] cloud-init[925]: Your identification has been saved in /etc/ssh/ssh_host_ed25519_key.
[   21.492385] [cloud-init[0;32m  OK  [0m[925]: ] Your public key has been saved in /etc/ssh/ssh_host_ed25519_key.pub.Started Authenticate and Authorize Users to Run Privileged Tasks.

[   21.494688] cloud-init[925]: The key fingerprint is:
[[0;32m  OK  [0m] Started Accounts Service.
[   21.527977] cloud-init[925]: SHA256:7vAQ1o6IF4N2Km/fFI/3MfuT2mBYhhzmKuvMXDQl4aI root@ubuntu-xenial
[   21.568877] cloud-init[925]: The key's randomart image is:
[[   21.612808] cloud-init[925]: +--[ED25519 256]--+
[   21.613943] cloud-init[925]: |      .          |
[   21.614313] cloud-init[925]: |     . .         |
[   21.614626] cloud-init[925]: |    . o +        |
[   21.614940] cloud-init[925]: |   o . B o       |
[0;32m  OK  [0m] Started LSB: Set the CPU Frequency Scaling governor to "ondemand".
[   21.615283] cloud-init[925]: |  E + * S o      |
[   21.710883] cloud-init[925]: | . + * @ +       |
[   21.721371] cloud-init[925]: |. o + O * =  .   |
[   21.770527] [cloud-init[0;32m  OK  [0m[925]: ] | o.= * * o *o    |Started LSB: daemon to balance interrupts for SMP systems.

[   21.773291] cloud-init[925]: | ..oB . o +oo.   |
[[0;32m  OK  [0m] Started LSB: automatic crash report generation.
[   21.798693] cloud-init[925]: +----[SHA256]-----+
         Starting Hold until boot process finishes up...
         Starting Terminate Plymouth Boot Screen...
[[0;32m  OK  [0m] Started Hold until boot process finishes up.
[[0;32m  OK  [0m] Started Terminate Plymouth Boot Screen.
         Starting Set console scheme...
[[0;32m  OK  [0m] Started Getty on tty1.
[[0;32m  OK  [0m] Started Serial Getty on ttyS0.
[[0;32m  OK  [0m] Reached target Login Prompts.
[[0;32m  OK  [0m] Started Set console scheme.
[[0;32m  OK  [0m] Started Pollinate to seed the pseudo random number generator.
         Starting OpenBSD Secure Shell server...
[[0;32m  OK  [0m] Started OpenBSD Secure Shell server.
[[0;32m  OK  [0m] Created slice User Slice of vagrant.
         Starting User Manager for UID 1000...
[[0;32m  OK  [0m] Started Session 1 of user vagrant.
[[0;32m  OK  [0m] Started User Manager for UID 1000.

Ubuntu 16.04.5 LTS ubuntu-xenial ttyS0

ubuntu-xenial login: [   29.339619] cloud-init[1472]: Generating locales (this might take a while)...
[   30.126614] cloud-init[1472]:   en_US.UTF-8... done
[   30.127276] cloud-init[1472]: Generation complete.
[   30.430786] cloud-init[1472]: Cloud-init v. 18.3-9-g2e62cb8a-0ubuntu1~16.04.2 running 'modules:config' at Wed, 28 Nov 2018 03:58:27 +0000. Up 29.22 seconds.
ci-info: no authorized ssh keys fingerprints found for user ubuntu.
<14>Nov 28 03:58:29 ec2: 
<14>Nov 28 03:58:29 ec2: #############################################################
<14>Nov 28 03:58:29 ec2: -----BEGIN SSH HOST KEY FINGERPRINTS-----
<14>Nov 28 03:58:29 ec2: 1024 SHA256:UbW2cAQIIZZ4FAx4/NhHejNc6xjvFCbPGPUWS/87JMA root@ubuntu-xenial (DSA)
<14>Nov 28 03:58:29 ec2: 256 SHA256:z4wAoSR6AENVlu/iG0LNhJjem/N03/cTd5JWYk8+A08 root@ubuntu-xenial (ECDSA)
<14>Nov 28 03:58:29 ec2: 256 SHA256:7vAQ1o6IF4N2Km/fFI/3MfuT2mBYhhzmKuvMXDQl4aI root@ubuntu-xenial (ED25519)
<14>Nov 28 03:58:29 ec2: 2048 SHA256:yXMjo38Y43YmGSfYLjONhBuHhDwKSA5Oe1l9jVR2Ngg root@ubuntu-xenial (RSA)
<14>Nov 28 03:58:29 ec2: -----END SSH HOST KEY FINGERPRINTS-----
<14>Nov 28 03:58:29 ec2: #############################################################
-----BEGIN SSH HOST KEY KEYS-----
ecdsa-sha2-nistp256 AAAAE2VjZHNhLXNoYTItbmlzdHAyNTYAAAAIbmlzdHAyNTYAAABBBMdpk+VDusdqL8NxCqzR4CBVaamooFZ9raeRySikLlG7Y1sGGNaHpQdjbqUQ9iyxn4+PaIdKVKtQvnGV2bcdNfY= root@ubuntu-xenial
ssh-ed25519 AAAAC3NzaC1lZDI1NTE5AAAAIOty/imPZmSpZwIGs4lIXH6DF8cAQdQxGUqCrmqv809G root@ubuntu-xenial
ssh-rsa AAAAB3NzaC1yc2EAAAADAQABAAABAQC+LN9zEM8jCle5p4ddDrmHEjqybZC1xnyFbvxmIBAbzT1bk2+mrwn0tGkkSbY2z/hZn/psXxJsCWzlFD6HT2pToZz1qd397jJ7IjhMQecfyPFwZ8FkiSb6SCtc42qihcjd9mWFkEH/7q0U5EL7pZs78jVC2eBAcS5aFKYhGskzzJomgzYZccAgDp/u+5eui+7ddMSGsNr2dhLjZh/IDtogb22JHaTK0qigv0jfiAwhxOPZNq8L5b1u1KaPcqd2Kqtp5o1cZioDhOcUq7Gp03hqAuqJLrowtGi7udjsOxizp5iHHO1JNby3EcwrzpyZHaFwgsb0RRcwWZgqmLGx7qbr root@ubuntu-xenial
-----END SSH HOST KEY KEYS-----
[   30.912497] cloud-init[1531]: Cloud-init v. 18.3-9-g2e62cb8a-0ubuntu1~16.04.2 running 'modules:final' at Wed, 28 Nov 2018 03:58:29 +0000. Up 30.75 seconds.
[   30.912695] cloud-init[1531]: ci-info: no authorized ssh keys fingerprints found for user ubuntu.
[   30.912814] cloud-init[1531]: Cloud-init v. 18.3-9-g2e62cb8a-0ubuntu1~16.04.2 finished at Wed, 28 Nov 2018 03:58:29 +0000. Datasource DataSourceNoCloud [seed=/dev/sdb][dsmode=net].  Up 30.90 seconds
